{
  input: [],
  flags: {},
  unnormalizedFlags: {},
  pkg: {
    name: 'epiq',
    version: '0.0.5',
    license: 'MIT',
    bin: { epiq: 'dist/cli.js' },
    type: 'module',
    description: 'EPIQ - CLI based issue tracker',
    engines: { node: '>=16' },
    scripts: {
      build: 'tsc',
      dev: 'tsc --watch',
      test: 'prettier --check . && xo && ava',
      start: 'node dist/cli.js'
    },
    files: [ 'dist' ],
    dependencies: { ink: '^4.1.0', meow: '^11.0.0', react: '^18.2.0' },
    devDependencies: {
      '@sindresorhus/tsconfig': '^3.0.1',
      '@types/react': '^18.0.32',
      '@vdemedes/prettier-config': '^2.0.1',
      ava: '^5.2.0',
      chalk: '^5.2.0',
      'eslint-config-xo-react': '^0.27.0',
      'eslint-plugin-react': '^7.32.2',
      'eslint-plugin-react-hooks': '^4.6.0',
      'ink-testing-library': '^3.0.0',
      prettier: '^2.8.7',
      'ts-node': '^10.9.1',
      tsx: '^4.20.3',
      typescript: '^5.0.3',
      xo: '^0.53.1'
    },
    ava: { extensions: [Object], nodeArguments: [Array] },
    xo: { extends: 'xo-react', prettier: true, rules: [Object] },
    prettier: '@vdemedes/prettier-config',
    readme: 'ERROR: No README data found!',
    _id: 'epiq@0.0.5'
  },
  help: '\n' +
    '  EPIQ - CLI based issue tracker\n' +
    '\n' +
    '  View board in directory:\n' +
    '  $ epiq\n' +
    '\n' +
    '  Init project in directory:\n' +
    '  $ epiq --init "Project Name"\n',
  showHelp: [Function: showHelp],
  showVersion: [Function: showVersion]
}
{
  input: [],
  flags: {},
  unnormalizedFlags: {},
  pkg: {
    name: 'epiq',
    version: '0.0.5',
    license: 'MIT',
    bin: { epiq: 'dist/cli.js' },
    type: 'module',
    description: 'EPIQ - CLI based issue tracker',
    engines: { node: '>=16' },
    scripts: {
      build: 'tsc',
      dev: 'tsc --watch',
      test: 'prettier --check . && xo && ava',
      start: 'node dist/cli.js'
    },
    files: [ 'dist' ],
    dependencies: { ink: '^4.1.0', meow: '^11.0.0', react: '^18.2.0' },
    devDependencies: {
      '@sindresorhus/tsconfig': '^3.0.1',
      '@types/react': '^18.0.32',
      '@vdemedes/prettier-config': '^2.0.1',
      ava: '^5.2.0',
      chalk: '^5.2.0',
      'eslint-config-xo-react': '^0.27.0',
      'eslint-plugin-react': '^7.32.2',
      'eslint-plugin-react-hooks': '^4.6.0',
      'ink-testing-library': '^3.0.0',
      prettier: '^2.8.7',
      'ts-node': '^10.9.1',
      tsx: '^4.20.3',
      typescript: '^5.0.3',
      xo: '^0.53.1'
    },
    ava: { extensions: [Object], nodeArguments: [Array] },
    xo: { extends: 'xo-react', prettier: true, rules: [Object] },
    prettier: '@vdemedes/prettier-config',
    readme: 'ERROR: No README data found!',
    _id: 'epiq@0.0.5'
  },
  help: '\n' +
    '  EPIQ - CLI based issue tracker\n' +
    '\n' +
    '  View board in directory:\n' +
    '  $ epiq\n' +
    '\n' +
    '  Init project in directory:\n' +
    '  $ epiq --init "Project Name"\n',
  showHelp: [Function: showHelp],
  showVersion: [Function: showVersion]
}
{
  input: [],
  flags: {},
  unnormalizedFlags: {},
  pkg: {
    name: 'epiq',
    version: '0.0.5',
    license: 'MIT',
    bin: { epiq: 'dist/cli.js' },
    type: 'module',
    description: 'EPIQ - CLI based issue tracker',
    engines: { node: '>=16' },
    scripts: {
      build: 'tsc',
      dev: 'tsc --watch',
      test: 'prettier --check . && xo && ava',
      start: 'node dist/cli.js'
    },
    files: [ 'dist' ],
    dependencies: { ink: '^4.1.0', meow: '^11.0.0', react: '^18.2.0' },
    devDependencies: {
      '@sindresorhus/tsconfig': '^3.0.1',
      '@types/react': '^18.0.32',
      '@vdemedes/prettier-config': '^2.0.1',
      ava: '^5.2.0',
      chalk: '^5.2.0',
      'eslint-config-xo-react': '^0.27.0',
      'eslint-plugin-react': '^7.32.2',
      'eslint-plugin-react-hooks': '^4.6.0',
      'ink-testing-library': '^3.0.0',
      prettier: '^2.8.7',
      'ts-node': '^10.9.1',
      tsx: '^4.20.3',
      typescript: '^5.0.3',
      xo: '^0.53.1'
    },
    ava: { extensions: [Object], nodeArguments: [Array] },
    xo: { extends: 'xo-react', prettier: true, rules: [Object] },
    prettier: '@vdemedes/prettier-config',
    readme: 'ERROR: No README data found!',
    _id: 'epiq@0.0.5'
  },
  help: '\n' +
    '  EPIQ - CLI based issue tracker\n' +
    '\n' +
    '  View board in directory:\n' +
    '  $ epiq\n' +
    '\n' +
    '  Init project in directory:\n' +
    '  $ epiq --init "Project Name"\n',
  showHelp: [Function: showHelp],
  showVersion: [Function: showVersion]
}
{
  input: [],
  flags: { v: true },
  unnormalizedFlags: { v: true },
  pkg: {
    name: 'epiq',
    version: '0.0.5',
    license: 'MIT',
    bin: { epiq: 'dist/cli.js' },
    type: 'module',
    description: 'EPIQ - CLI based issue tracker',
    engines: { node: '>=16' },
    scripts: {
      build: 'tsc',
      dev: 'tsc --watch',
      test: 'prettier --check . && xo && ava',
      start: 'node dist/cli.js'
    },
    files: [ 'dist' ],
    dependencies: { ink: '^4.1.0', meow: '^11.0.0', react: '^18.2.0' },
    devDependencies: {
      '@sindresorhus/tsconfig': '^3.0.1',
      '@types/react': '^18.0.32',
      '@vdemedes/prettier-config': '^2.0.1',
      ava: '^5.2.0',
      chalk: '^5.2.0',
      'eslint-config-xo-react': '^0.27.0',
      'eslint-plugin-react': '^7.32.2',
      'eslint-plugin-react-hooks': '^4.6.0',
      'ink-testing-library': '^3.0.0',
      prettier: '^2.8.7',
      'ts-node': '^10.9.1',
      tsx: '^4.20.3',
      typescript: '^5.0.3',
      xo: '^0.53.1'
    },
    ava: { extensions: [Object], nodeArguments: [Array] },
    xo: { extends: 'xo-react', prettier: true, rules: [Object] },
    prettier: '@vdemedes/prettier-config',
    readme: 'ERROR: No README data found!',
    _id: 'epiq@0.0.5'
  },
  help: '\n' +
    '  EPIQ - CLI based issue tracker\n' +
    '\n' +
    '  View board in directory:\n' +
    '  $ epiq\n' +
    '\n' +
    '  Init project in directory:\n' +
    '  $ epiq --init "Project Name"\n',
  showHelp: [Function: showHelp],
  showVersion: [Function: showVersion]
}
